<?xml version="1.0" encoding="UTF-8"?>
<!-- Generated by org.testng.reporters.JUnitReportReporter -->
<testsuite hostname="DESKTOP-3NNM7S3" failures="0" tests="1" name="com.demo.config.StartBrowser" time="10.561" errors="0" timestamp="2022-09-27T19:42:42 IST" skipped="0">
  <testcase classname="com.demo.config.StartBrowser" name="test" time="10.561"/>
  <system-out/>
</testsuite> <!-- com.demo.config.StartBrowser -->
