<?xml version="1.0" encoding="UTF-8"?>
<!-- Generated by org.testng.reporters.JUnitReportReporter -->
<testsuite hostname="DESKTOP-3NNM7S3" failures="0" tests="1" name="com.demo.TestScripts.Login_Logout" time="36.078" errors="0" timestamp="2022-09-27T21:18:09 IST" skipped="0">
  <testcase classname="com.demo.TestScripts.Login_Logout" name="Login_LogoutTestCase" time="36.078"/>
  <system-out/>
</testsuite> <!-- com.demo.TestScripts.Login_Logout -->
